<?xml version="1.0" encoding="UTF-8" ?>
<testsuite tests="50" failures="0" name="CalculatorTest" time="0.234" errors="0" skipped="0">
  <properties>
[...]
</properties>
  <testcase classname="CalculatorTest" name="testConversion[0]" time="0.016"/>
  <testcase classname="CalculatorTest" name="testResult[0]" time="0"/>
  <testcase classname="CalculatorTest" name="testConversion[1]" time="0"/>
  <testcase classname="CalculatorTest" name="testResult[1]" time="0.015"/>
  <testcase classname="CalculatorTest" name="testConversion[2]" time="0"/>
  <testcase classname="CalculatorTest" name="testResult[2]" time="0"/>
  <testcase classname="CalculatorTest" name="testConversion[3]" time="0"/>
  <testcase classname="CalculatorTest" name="testResult[3]" time="0"/>
  <testcase classname="CalculatorTest" name="testConversion[4]" time="0"/>
  <testcase classname="CalculatorTest" name="testResult[4]" time="0"/>
  <testcase classname="CalculatorTest" name="testConversion[5]" time="0"/>
  <testcase classname="CalculatorTest" name="testResult[5]" time="0"/>
  <testcase classname="CalculatorTest" name="testConversion[6]" time="0"/>
  <testcase classname="CalculatorTest" name="testResult[6]" time="0"/>
  <testcase classname="CalculatorTest" name="testConversion[7]" time="0"/>
  <testcase classname="CalculatorTest" name="testResult[7]" time="0"/>
  <testcase classname="CalculatorTest" name="testConversion[8]" time="0"/>
  <testcase classname="CalculatorTest" name="testResult[8]" time="0"/>
  <testcase classname="CalculatorTest" name="testConversion[9]" time="0"/>
  <testcase classname="CalculatorTest" name="testResult[9]" time="0"/>
  <testcase classname="CalculatorTest" name="testConversion[10]" time="0"/>
  <testcase classname="CalculatorTest" name="testResult[10]" time="0"/>
  <testcase classname="CalculatorTest" name="testConversion[11]" time="0"/>
  <testcase classname="CalculatorTest" name="testResult[11]" time="0"/>
  <testcase classname="CalculatorTest" name="testConversion[12]" time="0"/>
  <testcase classname="CalculatorTest" name="testResult[12]" time="0"/>
  <testcase classname="CalculatorTest" name="testConversion[13]" time="0"/>
  <testcase classname="CalculatorTest" name="testResult[13]" time="0"/>
  <testcase classname="CalculatorTest" name="testConversion[14]" time="0"/>
  <testcase classname="CalculatorTest" name="testResult[14]" time="0"/>
  <testcase classname="CalculatorTest" name="testConversion[15]" time="0"/>
  <testcase classname="CalculatorTest" name="testResult[15]" time="0"/>
  <testcase classname="CalculatorTest" name="testConversion[16]" time="0"/>
  <testcase classname="CalculatorTest" name="testResult[16]" time="0"/>
  <testcase classname="CalculatorTest" name="testConversion[17]" time="0"/>
  <testcase classname="CalculatorTest" name="testResult[17]" time="0"/>
  <testcase classname="CalculatorTest" name="testConversion[18]" time="0"/>
  <testcase classname="CalculatorTest" name="testResult[18]" time="0"/>
  <testcase classname="CalculatorTest" name="testConversion[19]" time="0"/>
  <testcase classname="CalculatorTest" name="testResult[19]" time="0"/>
  <testcase classname="CalculatorTest" name="testConversion[20]" time="0"/>
  <testcase classname="CalculatorTest" name="testResult[20]" time="0"/>
  <testcase classname="CalculatorTest" name="testConversion[21]" time="0"/>
  <testcase classname="CalculatorTest" name="testResult[21]" time="0"/>
  <testcase classname="CalculatorTest" name="testConversion[22]" time="0"/>
  <testcase classname="CalculatorTest" name="testResult[22]" time="0"/>
  <testcase classname="CalculatorTest" name="testConversion[23]" time="0"/>
  <testcase classname="CalculatorTest" name="testResult[23]" time="0"/>
  <testcase classname="CalculatorTest" name="testConversion[24]" time="0"/>
  <testcase classname="CalculatorTest" name="testResult[24]" time="0"/>
</testsuite>